QuickChat/android/app/build/intermediates/manifest_merge_blame_file/debug/manifest-merger-blame-debug-report.txt
1<?xml version="1.0" encoding="utf-8"?>
2<manifest xmlns:android="http://schemas.android.com/apk/res/android"
3    package="com.quickchat.sowmiya"
4    android:versionCode="1"
5    android:versionName="1.2" >
6
7    <uses-sdk
8        android:minSdkVersion="21"
9        android:targetSdkVersion="34" />
10
11    <uses-permission android:name="android.permission.INTERNET" />
11-->src/main/AndroidManifest.xml:3:5-67
11-->src/main/AndroidManifest.xml:3:22-64
12    <uses-permission android:name="android.permission.CAMERA" />
12-->src/main/AndroidManifest.xml:4:1-61
12-->src/main/AndroidManifest.xml:4:18-58
13    <uses-permission android:name="android.permission.RECORD_AUDIO" />
13-->src/main/AndroidManifest.xml:5:5-70
13-->src/main/AndroidManifest.xml:5:22-68
14    <uses-permission android:name="android.permission.READ_MEDIA_IMAGES" />
14-->src/main/AndroidManifest.xml:6:7-78
14-->src/main/AndroidManifest.xml:6:24-75
15    <uses-permission android:name="android.permission.READ_MEDIA_VIDEO" />
15-->src/main/AndroidManifest.xml:7:3-73
15-->src/main/AndroidManifest.xml:7:20-70
16    <uses-permission
16-->src/main/AndroidManifest.xml:8:3-9:34
17        android:name="android.permission.READ_EXTERNAL_STORAGE"
17-->src/main/AndroidManifest.xml:8:20-75
18        android:maxSdkVersion="32" />
18-->src/main/AndroidManifest.xml:9:5-31
19    <uses-permission android:name="android.permission.WRITE_EXTERNAL_STORAGE" />
19-->src/main/AndroidManifest.xml:10:3-79
19-->src/main/AndroidManifest.xml:10:20-76
20    <uses-permission android:name="android.permission.POST_NOTIFICATIONS" />
20-->src/main/AndroidManifest.xml:11:1-73
20-->src/main/AndroidManifest.xml:11:18-70
21    <uses-permission android:name="android.permission.SCHEDULE_EXACT_ALARM" />
21-->src/main/AndroidManifest.xml:12:1-75
21-->src/main/AndroidManifest.xml:12:18-72
22    <uses-permission android:name="android.permission.USE_EXACT_ALARM" />
22-->src/main/AndroidManifest.xml:13:1-70
22-->src/main/AndroidManifest.xml:13:18-67
23    <uses-permission android:name="android.permission.WAKE_LOCK" />
23-->[:react-native-firebase_messaging] AndroidManifest.xml:8:5-68
23-->[:react-native-firebase_messaging] AndroidManifest.xml:8:22-65
24    <uses-permission android:name="android.permission.ACCESS_NETWORK_STATE" />
24-->[:react-native-firebase_messaging] AndroidManifest.xml:9:5-79
24-->[:react-native-firebase_messaging] AndroidManifest.xml:9:22-76
25    <!--
26    This manifest file is used only by Gradle to configure debug-only capabilities
27    for React Native Apps.
28    -->
29    <uses-permission android:name="android.permission.SYSTEM_ALERT_WINDOW" /> <!-- Required by older versions of Google Play services to create IID tokens -->
29-->[com.facebook.react:react-android:0.73.6] AndroidManifest.xml:16:5-78
29-->[com.facebook.react:react-android:0.73.6] AndroidManifest.xml:16:22-75
30    <uses-permission android:name="com.google.android.c2dm.permission.RECEIVE" />
30-->[com.google.firebase:firebase-messaging:23.4.1] AndroidManifest.xml:26:5-82
30-->[com.google.firebase:firebase-messaging:23.4.1] AndroidManifest.xml:26:22-79
31    <uses-permission android:name="com.google.android.gms.permission.AD_ID" />
31-->[com.google.android.gms:play-services-measurement-api:21.6.1] AndroidManifest.xml:25:5-79
31-->[com.google.android.gms:play-services-measurement-api:21.6.1] AndroidManifest.xml:25:22-76
32    <uses-permission android:name="android.permission.ACCESS_ADSERVICES_ATTRIBUTION" />
32-->[com.google.android.gms:play-services-measurement-api:21.6.1] AndroidManifest.xml:26:5-88
32-->[com.google.android.gms:play-services-measurement-api:21.6.1] AndroidManifest.xml:26:22-85
33    <uses-permission android:name="android.permission.ACCESS_ADSERVICES_AD_ID" />
33-->[com.google.android.gms:play-services-measurement-api:21.6.1] AndroidManifest.xml:27:5-82
33-->[com.google.android.gms:play-services-measurement-api:21.6.1] AndroidManifest.xml:27:22-79
34    <uses-permission android:name="android.permission.ACCESS_WIFI_STATE" />
34-->[com.facebook.flipper:flipper:0.201.0] AndroidManifest.xml:14:5-76
34-->[com.facebook.flipper:flipper:0.201.0] AndroidManifest.xml:14:22-73
35    <uses-permission android:name="android.permission.RECEIVE_BOOT_COMPLETED" />
35-->[androidx.work:work-runtime:2.8.0] AndroidManifest.xml:25:5-81
35-->[androidx.work:work-runtime:2.8.0] AndroidManifest.xml:25:22-78
36    <uses-permission android:name="android.permission.FOREGROUND_SERVICE" />
36-->[androidx.work:work-runtime:2.8.0] AndroidManifest.xml:26:5-77
36-->[androidx.work:work-runtime:2.8.0] AndroidManifest.xml:26:22-74
37    <uses-permission android:name="com.google.android.finsky.permission.BIND_GET_INSTALL_REFERRER_SERVICE" />
37-->[com.google.android.gms:play-services-measurement:21.6.1] AndroidManifest.xml:26:5-110
37-->[com.google.android.gms:play-services-measurement:21.6.1] AndroidManifest.xml:26:22-107
38
39    <permission
39-->[androidx.core:core:1.9.0] AndroidManifest.xml:22:5-24:47
40        android:name="com.quickchat.sowmiya.DYNAMIC_RECEIVER_NOT_EXPORTED_PERMISSION"
40-->[androidx.core:core:1.9.0] AndroidManifest.xml:23:9-81
41        android:protectionLevel="signature" />
41-->[androidx.core:core:1.9.0] AndroidManifest.xml:24:9-44
42
43    <uses-permission android:name="com.quickchat.sowmiya.DYNAMIC_RECEIVER_NOT_EXPORTED_PERMISSION" />
43-->[androidx.core:core:1.9.0] AndroidManifest.xml:26:5-97
43-->[androidx.core:core:1.9.0] AndroidManifest.xml:26:22-94
44    <uses-permission android:name="android.permission.VIBRATE" />
44-->[app.notifee:core:202108261754] AndroidManifest.xml:13:5-66
44-->[app.notifee:core:202108261754] AndroidManifest.xml:13:22-63
45    <uses-permission android:name="android.permission.USE_FULL_SCREEN_INTENT" />
45-->[app.notifee:core:202108261754] AndroidManifest.xml:16:5-81
45-->[app.notifee:core:202108261754] AndroidManifest.xml:16:22-78
46    <uses-permission
46-->[app.notifee:core:202108261754] AndroidManifest.xml:18:5-20:38
47        android:name="android.permission.BROADCAST_CLOSE_SYSTEM_DIALOGS"
47-->[app.notifee:core:202108261754] AndroidManifest.xml:19:9-73
48        android:maxSdkVersion="30" /> <!-- For Xiaomi devices to enable heads-up notifications as default (https://github.com/invertase/notifee/issues/296) -->
48-->[app.notifee:core:202108261754] AndroidManifest.xml:20:9-35
49    <uses-permission
49-->[app.notifee:core:202108261754] AndroidManifest.xml:22:5-24:38
50        android:name="android.permission.ACCESS_NOTIFICATION_POLICY"
50-->[app.notifee:core:202108261754] AndroidManifest.xml:23:9-69
51        android:minSdkVersion="23" />
51-->[app.notifee:core:202108261754] AndroidManifest.xml:24:9-35
52
53    <application
53-->src/main/AndroidManifest.xml:14:5-33:19
54        android:name="com.quickchat.sowmiya.MainApplication"
54-->src/main/AndroidManifest.xml:15:7-38
55        android:allowBackup="false"
55-->src/main/AndroidManifest.xml:19:7-34
56        android:appComponentFactory="androidx.core.app.CoreComponentFactory"
56-->[androidx.core:core:1.9.0] AndroidManifest.xml:28:18-86
57        android:debuggable="true"
58        android:extractNativeLibs="true"
59        android:icon="@mipmap/ic_launcher"
59-->src/main/AndroidManifest.xml:17:7-41
60        android:label="@string/app_name"
60-->src/main/AndroidManifest.xml:16:7-39
61        android:roundIcon="@mipmap/ic_launcher_round"
61-->src/main/AndroidManifest.xml:18:7-52
62        android:theme="@style/AppTheme"
62-->src/main/AndroidManifest.xml:20:7-38
63        android:usesCleartextTraffic="true" >
63-->src/debug/AndroidManifest.xml:6:9-44
64        <activity
64-->src/main/AndroidManifest.xml:21:7-32:18
65            android:name="com.quickchat.sowmiya.MainActivity"
65-->src/main/AndroidManifest.xml:22:9-37
66            android:configChanges="keyboard|keyboardHidden|orientation|screenLayout|screenSize|smallestScreenSize|uiMode"
66-->src/main/AndroidManifest.xml:24:9-118
67            android:exported="true"
67-->src/main/AndroidManifest.xml:27:9-32
68            android:label="@string/app_name"
68-->src/main/AndroidManifest.xml:23:9-41
69            android:launchMode="singleTask"
69-->src/main/AndroidManifest.xml:25:9-40
70            android:windowSoftInputMode="adjustResize" >
70-->src/main/AndroidManifest.xml:26:9-51
71            <intent-filter>
71-->src/main/AndroidManifest.xml:28:9-31:25
72                <action android:name="android.intent.action.MAIN" />
72-->src/main/AndroidManifest.xml:29:13-65
72-->src/main/AndroidManifest.xml:29:21-62
73
74                <category android:name="android.intent.category.LAUNCHER" />
74-->src/main/AndroidManifest.xml:30:13-73
74-->src/main/AndroidManifest.xml:30:23-70
75            </intent-filter>
76        </activity>
77
78        <provider
78-->[:notifee_react-native] AndroidManifest.xml:8:9-12:40
79            android:name="io.invertase.notifee.NotifeeInitProvider"
79-->[:notifee_react-native] AndroidManifest.xml:9:13-68
80            android:authorities="com.quickchat.sowmiya.notifee-init-provider"
80-->[:notifee_react-native] AndroidManifest.xml:10:13-73
81            android:exported="false"
81-->[:notifee_react-native] AndroidManifest.xml:11:13-37
82            android:initOrder="-100" />
82-->[:notifee_react-native] AndroidManifest.xml:12:13-37
83
84        <service
84-->[:react-native-firebase_messaging] AndroidManifest.xml:12:9-14:40
85            android:name="io.invertase.firebase.messaging.ReactNativeFirebaseMessagingHeadlessService"
85-->[:react-native-firebase_messaging] AndroidManifest.xml:13:13-103
86            android:exported="false" />
86-->[:react-native-firebase_messaging] AndroidManifest.xml:14:13-37
87        <service
87-->[:react-native-firebase_messaging] AndroidManifest.xml:15:9-21:19
88            android:name="io.invertase.firebase.messaging.ReactNativeFirebaseMessagingService"
88-->[:react-native-firebase_messaging] AndroidManifest.xml:16:13-95
89            android:exported="false" >
89-->[:react-native-firebase_messaging] AndroidManifest.xml:17:13-37
90            <intent-filter>
90-->[:react-native-firebase_messaging] AndroidManifest.xml:18:13-20:29
91                <action android:name="com.google.firebase.MESSAGING_EVENT" />
91-->[:react-native-firebase_messaging] AndroidManifest.xml:19:17-78
91-->[:react-native-firebase_messaging] AndroidManifest.xml:19:25-75
92            </intent-filter>
93        </service>
94
95        <receiver
95-->[:react-native-firebase_messaging] AndroidManifest.xml:23:9-30:20
96            android:name="io.invertase.firebase.messaging.ReactNativeFirebaseMessagingReceiver"
96-->[:react-native-firebase_messaging] AndroidManifest.xml:24:13-96
97            android:exported="true"
97-->[:react-native-firebase_messaging] AndroidManifest.xml:25:13-36
98            android:permission="com.google.android.c2dm.permission.SEND" >
98-->[:react-native-firebase_messaging] AndroidManifest.xml:26:13-73
99            <intent-filter>
99-->[:react-native-firebase_messaging] AndroidManifest.xml:27:13-29:29
100                <action android:name="com.google.android.c2dm.intent.RECEIVE" />
100-->[:react-native-firebase_messaging] AndroidManifest.xml:28:17-81
100-->[:react-native-firebase_messaging] AndroidManifest.xml:28:25-78
101            </intent-filter>
102        </receiver>
103
104        <meta-data
104-->[:react-native-firebase_messaging] AndroidManifest.xml:32:9-34:36
105            android:name="firebase_messaging_auto_init_enabled"
105-->[:react-native-firebase_messaging] AndroidManifest.xml:33:13-64
106            android:value="true" />
106-->[:react-native-firebase_messaging] AndroidManifest.xml:34:13-33
107        <meta-data
107-->[:react-native-firebase_messaging] AndroidManifest.xml:35:9-37:32
108            android:name="com.google.firebase.messaging.default_notification_channel_id"
108-->[:react-native-firebase_messaging] AndroidManifest.xml:36:13-89
109            android:value="" />
109-->[:react-native-firebase_messaging] AndroidManifest.xml:37:13-29
110        <meta-data
110-->[:react-native-firebase_messaging] AndroidManifest.xml:38:9-40:47
111            android:name="com.google.firebase.messaging.default_notification_color"
111-->[:react-native-firebase_messaging] AndroidManifest.xml:39:13-84
112            android:resource="@color/white" />
112-->[:react-native-firebase_messaging] AndroidManifest.xml:40:13-44
113        <meta-data
113-->[:react-native-firebase_app] AndroidManifest.xml:9:9-11:36
114            android:name="app_data_collection_default_enabled"
114-->[:react-native-firebase_app] AndroidManifest.xml:10:13-63
115            android:value="true" />
115-->[:react-native-firebase_app] AndroidManifest.xml:11:13-33
116
117        <service
117-->[:react-native-firebase_app] AndroidManifest.xml:13:9-21:19
118            android:name="com.google.firebase.components.ComponentDiscoveryService"
118-->[:react-native-firebase_app] AndroidManifest.xml:14:13-84
119            android:directBootAware="true"
119-->[:react-native-firebase_app] AndroidManifest.xml:15:13-43
120            android:exported="false" >
120-->[:react-native-firebase_app] AndroidManifest.xml:16:13-37
121            <meta-data
121-->[:react-native-firebase_app] AndroidManifest.xml:18:13-20:85
122                android:name="com.google.firebase.components:io.invertase.firebase.app.ReactNativeFirebaseAppRegistrar"
122-->[:react-native-firebase_app] AndroidManifest.xml:19:17-120
123                android:value="com.google.firebase.components.ComponentRegistrar" />
123-->[:react-native-firebase_app] AndroidManifest.xml:20:17-82
124            <meta-data
124-->[com.google.firebase:firebase-messaging:23.4.1] AndroidManifest.xml:57:13-59:85
125                android:name="com.google.firebase.components:com.google.firebase.messaging.FirebaseMessagingKtxRegistrar"
125-->[com.google.firebase:firebase-messaging:23.4.1] AndroidManifest.xml:58:17-122
126                android:value="com.google.firebase.components.ComponentRegistrar" />
126-->[com.google.firebase:firebase-messaging:23.4.1] AndroidManifest.xml:59:17-82
127            <meta-data
127-->[com.google.firebase:firebase-messaging:23.4.1] AndroidManifest.xml:60:13-62:85
128                android:name="com.google.firebase.components:com.google.firebase.messaging.FirebaseMessagingRegistrar"
128-->[com.google.firebase:firebase-messaging:23.4.1] AndroidManifest.xml:61:17-119
129                android:value="com.google.firebase.components.ComponentRegistrar" />
129-->[com.google.firebase:firebase-messaging:23.4.1] AndroidManifest.xml:62:17-82
130            <meta-data
130-->[com.google.android.gms:play-services-measurement-api:21.6.1] AndroidManifest.xml:37:13-39:85
131                android:name="com.google.firebase.components:com.google.firebase.analytics.connector.internal.AnalyticsConnectorRegistrar"
131-->[com.google.android.gms:play-services-measurement-api:21.6.1] AndroidManifest.xml:38:17-139
132                android:value="com.google.firebase.components.ComponentRegistrar" />
132-->[com.google.android.gms:play-services-measurement-api:21.6.1] AndroidManifest.xml:39:17-82
133            <meta-data
133-->[com.google.firebase:firebase-installations:17.2.0] AndroidManifest.xml:15:13-17:85
134                android:name="com.google.firebase.components:com.google.firebase.installations.FirebaseInstallationsKtxRegistrar"
134-->[com.google.firebase:firebase-installations:17.2.0] AndroidManifest.xml:16:17-130
135                android:value="com.google.firebase.components.ComponentRegistrar" />
135-->[com.google.firebase:firebase-installations:17.2.0] AndroidManifest.xml:17:17-82
136            <meta-data
136-->[com.google.firebase:firebase-installations:17.2.0] AndroidManifest.xml:18:13-20:85
137                android:name="com.google.firebase.components:com.google.firebase.installations.FirebaseInstallationsRegistrar"
137-->[com.google.firebase:firebase-installations:17.2.0] AndroidManifest.xml:19:17-127
138                android:value="com.google.firebase.components.ComponentRegistrar" />
138-->[com.google.firebase:firebase-installations:17.2.0] AndroidManifest.xml:20:17-82
139            <meta-data
139-->[com.google.firebase:firebase-common-ktx:20.4.3] AndroidManifest.xml:12:13-14:85
140                android:name="com.google.firebase.components:com.google.firebase.ktx.FirebaseCommonLegacyRegistrar"
140-->[com.google.firebase:firebase-common-ktx:20.4.3] AndroidManifest.xml:13:17-116
141                android:value="com.google.firebase.components.ComponentRegistrar" />
141-->[com.google.firebase:firebase-common-ktx:20.4.3] AndroidManifest.xml:14:17-82
142            <meta-data
142-->[com.google.firebase:firebase-common:20.4.3] AndroidManifest.xml:35:13-37:85
143                android:name="com.google.firebase.components:com.google.firebase.FirebaseCommonKtxRegistrar"
143-->[com.google.firebase:firebase-common:20.4.3] AndroidManifest.xml:36:17-109
144                android:value="com.google.firebase.components.ComponentRegistrar" />
144-->[com.google.firebase:firebase-common:20.4.3] AndroidManifest.xml:37:17-82
145            <meta-data
145-->[com.google.firebase:firebase-datatransport:18.1.7] AndroidManifest.xml:27:13-29:85
146                android:name="com.google.firebase.components:com.google.firebase.datatransport.TransportRegistrar"
146-->[com.google.firebase:firebase-datatransport:18.1.7] AndroidManifest.xml:28:17-115
147                android:value="com.google.firebase.components.ComponentRegistrar" />
147-->[com.google.firebase:firebase-datatransport:18.1.7] AndroidManifest.xml:29:17-82
148        </service>
149
150        <provider
150-->[:react-native-firebase_app] AndroidManifest.xml:23:9-27:38
151            android:name="io.invertase.firebase.app.ReactNativeFirebaseAppInitProvider"
151-->[:react-native-firebase_app] AndroidManifest.xml:24:13-88
152            android:authorities="com.quickchat.sowmiya.reactnativefirebaseappinitprovider"
152-->[:react-native-firebase_app] AndroidManifest.xml:25:13-86
153            android:exported="false"
153-->[:react-native-firebase_app] AndroidManifest.xml:26:13-37
154            android:initOrder="99" />
154-->[:react-native-firebase_app] AndroidManifest.xml:27:13-35
155        <provider
155-->[:react-native-image-picker] AndroidManifest.xml:8:9-16:20
156            android:name="com.imagepicker.ImagePickerProvider"
156-->[:react-native-image-picker] AndroidManifest.xml:9:13-63
157            android:authorities="com.quickchat.sowmiya.imagepickerprovider"
157-->[:react-native-image-picker] AndroidManifest.xml:10:13-71
158            android:exported="false"
158-->[:react-native-image-picker] AndroidManifest.xml:11:13-37
159            android:grantUriPermissions="true" >
159-->[:react-native-image-picker] AndroidManifest.xml:12:13-47
160            <meta-data
160-->[:react-native-image-picker] AndroidManifest.xml:13:13-15:70
161                android:name="android.support.FILE_PROVIDER_PATHS"
161-->[:react-native-image-picker] AndroidManifest.xml:14:17-67
162                android:resource="@xml/imagepicker_provider_paths" />
162-->[:react-native-image-picker] AndroidManifest.xml:15:17-67
163        </provider>
164
165        <activity
165-->[com.facebook.react:react-android:0.73.6] AndroidManifest.xml:19:9-21:40
166            android:name="com.facebook.react.devsupport.DevSettingsActivity"
166-->[com.facebook.react:react-android:0.73.6] AndroidManifest.xml:20:13-77
167            android:exported="false" />
167-->[com.facebook.react:react-android:0.73.6] AndroidManifest.xml:21:13-37
168
169        <receiver
169-->[com.google.firebase:firebase-messaging:23.4.1] AndroidManifest.xml:29:9-40:20
170            android:name="com.google.firebase.iid.FirebaseInstanceIdReceiver"
170-->[com.google.firebase:firebase-messaging:23.4.1] AndroidManifest.xml:30:13-78
171            android:exported="true"
171-->[com.google.firebase:firebase-messaging:23.4.1] AndroidManifest.xml:31:13-36
172            android:permission="com.google.android.c2dm.permission.SEND" >
172-->[com.google.firebase:firebase-messaging:23.4.1] AndroidManifest.xml:32:13-73
173            <intent-filter>
173-->[:react-native-firebase_messaging] AndroidManifest.xml:27:13-29:29
174                <action android:name="com.google.android.c2dm.intent.RECEIVE" />
174-->[:react-native-firebase_messaging] AndroidManifest.xml:28:17-81
174-->[:react-native-firebase_messaging] AndroidManifest.xml:28:25-78
175            </intent-filter>
176
177            <meta-data
177-->[com.google.firebase:firebase-messaging:23.4.1] AndroidManifest.xml:37:13-39:40
178                android:name="com.google.android.gms.cloudmessaging.FINISHED_AFTER_HANDLED"
178-->[com.google.firebase:firebase-messaging:23.4.1] AndroidManifest.xml:38:17-92
179                android:value="true" />
179-->[com.google.firebase:firebase-messaging:23.4.1] AndroidManifest.xml:39:17-37
180        </receiver>
181        <!--
182             FirebaseMessagingService performs security checks at runtime,
183             but set to not exported to explicitly avoid allowing another app to call it.
184        -->
185        <service
185-->[com.google.firebase:firebase-messaging:23.4.1] AndroidManifest.xml:46:9-53:19
186            android:name="com.google.firebase.messaging.FirebaseMessagingService"
186-->[com.google.firebase:firebase-messaging:23.4.1] AndroidManifest.xml:47:13-82
187            android:directBootAware="true"
187-->[com.google.firebase:firebase-messaging:23.4.1] AndroidManifest.xml:48:13-43
188            android:exported="false" >
188-->[com.google.firebase:firebase-messaging:23.4.1] AndroidManifest.xml:49:13-37
189            <intent-filter android:priority="-500" >
189-->[:react-native-firebase_messaging] AndroidManifest.xml:18:13-20:29
190                <action android:name="com.google.firebase.MESSAGING_EVENT" />
190-->[:react-native-firebase_messaging] AndroidManifest.xml:19:17-78
190-->[:react-native-firebase_messaging] AndroidManifest.xml:19:25-75
191            </intent-filter>
192        </service>
193
194        <property
194-->[com.google.android.gms:play-services-measurement-api:21.6.1] AndroidManifest.xml:30:9-32:61
195            android:name="android.adservices.AD_SERVICES_CONFIG"
195-->[com.google.android.gms:play-services-measurement-api:21.6.1] AndroidManifest.xml:31:13-65
196            android:resource="@xml/ga_ad_services_config" />
196-->[com.google.android.gms:play-services-measurement-api:21.6.1] AndroidManifest.xml:32:13-58
197
198        <provider
198-->[androidx.work:work-runtime:2.8.0] AndroidManifest.xml:29:9-37:20
199            android:name="androidx.startup.InitializationProvider"
199-->[androidx.work:work-runtime:2.8.0] AndroidManifest.xml:30:13-67
200            android:authorities="com.quickchat.sowmiya.androidx-startup"
200-->[androidx.work:work-runtime:2.8.0] AndroidManifest.xml:31:13-68
201            android:exported="false" >
201-->[androidx.work:work-runtime:2.8.0] AndroidManifest.xml:32:13-37
202            <meta-data
202-->[androidx.work:work-runtime:2.8.0] AndroidManifest.xml:34:13-36:52
203                android:name="androidx.work.WorkManagerInitializer"
203-->[androidx.work:work-runtime:2.8.0] AndroidManifest.xml:35:17-68
204                android:value="androidx.startup" />
204-->[androidx.work:work-runtime:2.8.0] AndroidManifest.xml:36:17-49
205            <meta-data
205-->[androidx.emoji2:emoji2:1.2.0] AndroidManifest.xml:29:13-31:52
206                android:name="androidx.emoji2.text.EmojiCompatInitializer"
206-->[androidx.emoji2:emoji2:1.2.0] AndroidManifest.xml:30:17-75
207                android:value="androidx.startup" />
207-->[androidx.emoji2:emoji2:1.2.0] AndroidManifest.xml:31:17-49
208            <meta-data
208-->[androidx.lifecycle:lifecycle-process:2.4.1] AndroidManifest.xml:31:13-33:52
209                android:name="androidx.lifecycle.ProcessLifecycleInitializer"
209-->[androidx.lifecycle:lifecycle-process:2.4.1] AndroidManifest.xml:32:17-78
210                android:value="androidx.startup" />
210-->[androidx.lifecycle:lifecycle-process:2.4.1] AndroidManifest.xml:33:17-49
211        </provider>
212
213        <service
213-->[androidx.work:work-runtime:2.8.0] AndroidManifest.xml:39:9-45:35
214            android:name="androidx.work.impl.background.systemalarm.SystemAlarmService"
214-->[androidx.work:work-runtime:2.8.0] AndroidManifest.xml:40:13-88
215            android:directBootAware="false"
215-->[androidx.work:work-runtime:2.8.0] AndroidManifest.xml:41:13-44
216            android:enabled="@bool/enable_system_alarm_service_default"
216-->[androidx.work:work-runtime:2.8.0] AndroidManifest.xml:42:13-72
217            android:exported="false" />
217-->[androidx.work:work-runtime:2.8.0] AndroidManifest.xml:43:13-37
218        <service
218-->[androidx.work:work-runtime:2.8.0] AndroidManifest.xml:46:9-52:35
219            android:name="androidx.work.impl.background.systemjob.SystemJobService"
219-->[androidx.work:work-runtime:2.8.0] AndroidManifest.xml:47:13-84
220            android:directBootAware="false"
220-->[androidx.work:work-runtime:2.8.0] AndroidManifest.xml:48:13-44
221            android:enabled="@bool/enable_system_job_service_default"
221-->[androidx.work:work-runtime:2.8.0] AndroidManifest.xml:49:13-70
222            android:exported="true"
222-->[androidx.work:work-runtime:2.8.0] AndroidManifest.xml:50:13-36
223            android:permission="android.permission.BIND_JOB_SERVICE" />
223-->[androidx.work:work-runtime:2.8.0] AndroidManifest.xml:51:13-69
224        <service
224-->[androidx.work:work-runtime:2.8.0] AndroidManifest.xml:53:9-59:35
225            android:name="androidx.work.impl.foreground.SystemForegroundService"
225-->[androidx.work:work-runtime:2.8.0] AndroidManifest.xml:54:13-81
226            android:directBootAware="false"
226-->[androidx.work:work-runtime:2.8.0] AndroidManifest.xml:55:13-44
227            android:enabled="@bool/enable_system_foreground_service_default"
227-->[androidx.work:work-runtime:2.8.0] AndroidManifest.xml:56:13-77
228            android:exported="false" />
228-->[androidx.work:work-runtime:2.8.0] AndroidManifest.xml:57:13-37
229
230        <receiver
230-->[androidx.work:work-runtime:2.8.0] AndroidManifest.xml:61:9-66:35
231            android:name="androidx.work.impl.utils.ForceStopRunnable$BroadcastReceiver"
231-->[androidx.work:work-runtime:2.8.0] AndroidManifest.xml:62:13-88
232            android:directBootAware="false"
232-->[androidx.work:work-runtime:2.8.0] AndroidManifest.xml:63:13-44
233            android:enabled="true"
233-->[androidx.work:work-runtime:2.8.0] AndroidManifest.xml:64:13-35
234            android:exported="false" />
234-->[androidx.work:work-runtime:2.8.0] AndroidManifest.xml:65:13-37
235        <receiver
235-->[androidx.work:work-runtime:2.8.0] AndroidManifest.xml:67:9-77:20
236            android:name="androidx.work.impl.background.systemalarm.ConstraintProxy$BatteryChargingProxy"
236-->[androidx.work:work-runtime:2.8.0] AndroidManifest.xml:68:13-106
237            android:directBootAware="false"
237-->[androidx.work:work-runtime:2.8.0] AndroidManifest.xml:69:13-44
238            android:enabled="false"
238-->[androidx.work:work-runtime:2.8.0] AndroidManifest.xml:70:13-36
239            android:exported="false" >
239-->[androidx.work:work-runtime:2.8.0] AndroidManifest.xml:71:13-37
240            <intent-filter>
240-->[androidx.work:work-runtime:2.8.0] AndroidManifest.xml:73:13-76:29
241                <action android:name="android.intent.action.ACTION_POWER_CONNECTED" />
241-->[androidx.work:work-runtime:2.8.0] AndroidManifest.xml:74:17-87
241-->[androidx.work:work-runtime:2.8.0] AndroidManifest.xml:74:25-84
242                <action android:name="android.intent.action.ACTION_POWER_DISCONNECTED" />
242-->[androidx.work:work-runtime:2.8.0] AndroidManifest.xml:75:17-90
242-->[androidx.work:work-runtime:2.8.0] AndroidManifest.xml:75:25-87
243            </intent-filter>
244        </receiver>
245        <receiver
245-->[androidx.work:work-runtime:2.8.0] AndroidManifest.xml:78:9-88:20
246            android:name="androidx.work.impl.background.systemalarm.ConstraintProxy$BatteryNotLowProxy"
246-->[androidx.work:work-runtime:2.8.0] AndroidManifest.xml:79:13-104
247            android:directBootAware="false"
247-->[androidx.work:work-runtime:2.8.0] AndroidManifest.xml:80:13-44
248            android:enabled="false"
248-->[androidx.work:work-runtime:2.8.0] AndroidManifest.xml:81:13-36
249            android:exported="false" >
249-->[androidx.work:work-runtime:2.8.0] AndroidManifest.xml:82:13-37
250            <intent-filter>
250-->[androidx.work:work-runtime:2.8.0] AndroidManifest.xml:84:13-87:29
251                <action android:name="android.intent.action.BATTERY_OKAY" />
251-->[androidx.work:work-runtime:2.8.0] AndroidManifest.xml:85:17-77
251-->[androidx.work:work-runtime:2.8.0] AndroidManifest.xml:85:25-74
252                <action android:name="android.intent.action.BATTERY_LOW" />
252-->[androidx.work:work-runtime:2.8.0] AndroidManifest.xml:86:17-76
252-->[androidx.work:work-runtime:2.8.0] AndroidManifest.xml:86:25-73
253            </intent-filter>
254        </receiver>
255        <receiver
255-->[androidx.work:work-runtime:2.8.0] AndroidManifest.xml:89:9-99:20
256            android:name="androidx.work.impl.background.systemalarm.ConstraintProxy$StorageNotLowProxy"
256-->[androidx.work:work-runtime:2.8.0] AndroidManifest.xml:90:13-104
257            android:directBootAware="false"
257-->[androidx.work:work-runtime:2.8.0] AndroidManifest.xml:91:13-44
258            android:enabled="false"
258-->[androidx.work:work-runtime:2.8.0] AndroidManifest.xml:92:13-36
259            android:exported="false" >
259-->[androidx.work:work-runtime:2.8.0] AndroidManifest.xml:93:13-37
260            <intent-filter>
260-->[androidx.work:work-runtime:2.8.0] AndroidManifest.xml:95:13-98:29